<?xml version="1.0" encoding="UTF-8"?>
<!-- Generated by org.testng.reporters.JUnitXMLReporter -->
<testsuite ignored="0" hostname="macbook-pro-2.lan" failures="0" tests="3" name="Default test" time="18.892" errors="0" timestamp="2025-09-24T20:16:58 EDT">
  <testcase classname="com.OrangeHRM.qa.testcases.PIMPageTest" name="verifyPIMPageTitleTest" time="0.711"/>
  <testcase classname="com.OrangeHRM.qa.testcases.PIMPageTest" name="verifyPIMLabelTest" time="0.847"/>
  <testcase classname="com.OrangeHRM.qa.testcases.PIMPageTest" name="verifyConfigurationDropdownLinksTest" time="3.082"/>
</testsuite> <!-- Default test -->
