<?xml version="1.0" encoding="UTF-8"?>
<!-- Generated by org.testng.reporters.JUnitXMLReporter -->
<testsuite ignored="0" hostname="macbook-pro-2.lan" failures="0" tests="19" name="Test" time="92.16" errors="0" timestamp="2025-09-18T12:24:29 EDT">
  <testcase classname="com.OrangeHRM.qa.testcases.DashboardPageTest" name="verifyDashboardPageTitleTest" time="1.144"/>
  <testcase classname="com.OrangeHRM.qa.testcases.DashboardPageTest" name="verifyDashboardLabelTest" time="1.576"/>
  <testcase classname="com.OrangeHRM.qa.testcases.DashboardPageTest" name="verifyAllMenuLinks" time="1.834"/>
  <testcase classname="com.OrangeHRM.qa.testcases.DashboardPageTest" name="verifyTimeAtWorkWidgetTest" time="1.537"/>
  <testcase classname="com.OrangeHRM.qa.testcases.DashboardPageTest" name="verifyMyActionsWidgetTest" time="1.449"/>
  <testcase classname="com.OrangeHRM.qa.testcases.DashboardPageTest" name="verifyQuickLaunchWidgetTest" time="1.409"/>
  <testcase classname="com.OrangeHRM.qa.testcases.DashboardPageTest" name="verifyBuzzLatestPostsWidgetTest" time="1.497"/>
  <testcase classname="com.OrangeHRM.qa.testcases.DashboardPageTest" name="verifyEmployeesOnLeaveTodayWidgetTest" time="1.443"/>
  <testcase classname="com.OrangeHRM.qa.testcases.DashboardPageTest" name="verifyEmployeeDistributionWidgetTest" time="1.498"/>
  <testcase classname="com.OrangeHRM.qa.testcases.DashboardPageTest" name="verifyQuickLaunchPanelTest" time="1.304"/>
  <testcase classname="com.OrangeHRM.qa.testcases.AdminPageTest" name="verifyAdminPageTitleTest" time="1.877"/>
  <testcase classname="com.OrangeHRM.qa.testcases.AdminPageTest" name="verifyAdminPageLabelTest" time="2.202"/>
  <testcase classname="com.OrangeHRM.qa.testcases.AdminPageTest" name="verifyUserManagementMenuTest" time="4.989"/>
  <testcase classname="com.OrangeHRM.qa.testcases.LoginPageTest" name="loginPageTitleTest" time="0.015"/>
  <testcase classname="com.OrangeHRM.qa.testcases.LoginPageTest" name="orangeHRMImageTest" time="0.269"/>
  <testcase classname="com.OrangeHRM.qa.testcases.LoginPageTest" name="loginTest" time="1.416"/>
  <testcase classname="com.OrangeHRM.qa.testcases.PIMPageTest" name="verifyPIMPageTitleTest" time="1.949"/>
  <testcase classname="com.OrangeHRM.qa.testcases.PIMPageTest" name="verifyPIMLabelTest" time="2.183"/>
  <testcase classname="com.OrangeHRM.qa.testcases.PIMPageTest" name="verifyConfigurationDropdownLinksTest" time="4.297"/>
</testsuite> <!-- Test -->
