<?xml version="1.0" encoding="UTF-8"?>
<testng-results ignored="0" total="20" passed="19" failed="1" skipped="0">
  <reporter-output>
  </reporter-output>
  <suite started-at="2025-10-01T12:54:43 EDT" name="OrangeHRM Test Suite" finished-at="2025-10-01T12:56:28 EDT" duration-ms="104946">
    <groups>
    </groups>
    <test started-at="2025-10-01T12:54:43 EDT" name="Login Tests" finished-at="2025-10-01T12:56:28 EDT" duration-ms="104946">
      <class name="com.OrangeHRM.qa.testcases.LoginPageTest">
        <test-method is-config="true" signature="setUp()[pri:0, instance:com.OrangeHRM.qa.testcases.LoginPageTest@15713d56]" started-at="2025-10-01T12:54:44 EDT" name="setUp" finished-at="2025-10-01T12:54:49 EDT" duration-ms="5692" status="PASS">
          <reporter-output>
          </reporter-output>
        </test-method> <!-- setUp -->
        <test-method signature="loginPageTitleTest()[pri:1, instance:com.OrangeHRM.qa.testcases.LoginPageTest@15713d56]" started-at="2025-10-01T12:54:50 EDT" name="loginPageTitleTest" finished-at="2025-10-01T12:54:50 EDT" duration-ms="109" status="PASS">
          <reporter-output>
          </reporter-output>
        </test-method> <!-- loginPageTitleTest -->
        <test-method is-config="true" signature="tearDown()[pri:0, instance:com.OrangeHRM.qa.testcases.LoginPageTest@15713d56]" started-at="2025-10-01T12:54:50 EDT" name="tearDown" finished-at="2025-10-01T12:54:50 EDT" duration-ms="161" status="PASS">
          <reporter-output>
          </reporter-output>
        </test-method> <!-- tearDown -->
        <test-method is-config="true" signature="setUp()[pri:0, instance:com.OrangeHRM.qa.testcases.LoginPageTest@15713d56]" started-at="2025-10-01T12:54:50 EDT" name="setUp" finished-at="2025-10-01T12:54:52 EDT" duration-ms="2628" status="PASS">
          <reporter-output>
          </reporter-output>
        </test-method> <!-- setUp -->
        <test-method signature="loginPageImageTest()[pri:2, instance:com.OrangeHRM.qa.testcases.LoginPageTest@15713d56]" started-at="2025-10-01T12:54:52 EDT" name="loginPageImageTest" finished-at="2025-10-01T12:54:53 EDT" duration-ms="299" status="PASS">
          <reporter-output>
          </reporter-output>
        </test-method> <!-- loginPageImageTest -->
        <test-method is-config="true" signature="tearDown()[pri:0, instance:com.OrangeHRM.qa.testcases.LoginPageTest@15713d56]" started-at="2025-10-01T12:54:53 EDT" name="tearDown" finished-at="2025-10-01T12:54:53 EDT" duration-ms="155" status="PASS">
          <reporter-output>
          </reporter-output>
        </test-method> <!-- tearDown -->
        <test-method is-config="true" signature="setUp()[pri:0, instance:com.OrangeHRM.qa.testcases.LoginPageTest@15713d56]" started-at="2025-10-01T12:54:53 EDT" name="setUp" finished-at="2025-10-01T12:54:55 EDT" duration-ms="2528" status="PASS">
          <reporter-output>
          </reporter-output>
        </test-method> <!-- setUp -->
        <test-method signature="loginTest()[pri:3, instance:com.OrangeHRM.qa.testcases.LoginPageTest@15713d56]" started-at="2025-10-01T12:54:55 EDT" name="loginTest" finished-at="2025-10-01T12:54:57 EDT" duration-ms="1463" status="FAIL">
          <exception class="java.lang.AssertionError">
            <message>
              <![CDATA[expected [Failed_OrangeHRM] but found [OrangeHRM]]]>
            </message>
            <full-stacktrace>
              <![CDATA[java.lang.AssertionError: expected [Failed_OrangeHRM] but found [OrangeHRM]
at org.testng.Assert.fail(Assert.java:111)
at org.testng.Assert.failNotEquals(Assert.java:1590)
at org.testng.Assert.assertEqualsImpl(Assert.java:150)
at org.testng.Assert.assertEquals(Assert.java:132)
at org.testng.Assert.assertEquals(Assert.java:656)
at org.testng.Assert.assertEquals(Assert.java:666)
at com.OrangeHRM.qa.testcases.LoginPageTest.loginTest(LoginPageTest.java:41)
at java.base/jdk.internal.reflect.DirectMethodHandleAccessor.invoke(DirectMethodHandleAccessor.java:103)
at java.base/java.lang.reflect.Method.invoke(Method.java:580)
at org.testng.internal.invokers.MethodInvocationHelper.invokeMethod(MethodInvocationHelper.java:141)
at org.testng.internal.invokers.TestInvoker.invokeMethod(TestInvoker.java:687)
at org.testng.internal.invokers.TestInvoker.invokeTestMethod(TestInvoker.java:230)
at org.testng.internal.invokers.MethodRunner.runInSequence(MethodRunner.java:63)
at org.testng.internal.invokers.TestInvoker$MethodInvocationAgent.invoke(TestInvoker.java:995)
at org.testng.internal.invokers.TestInvoker.invokeTestMethods(TestInvoker.java:203)
at org.testng.internal.invokers.TestMethodWorker.invokeTestMethods(TestMethodWorker.java:154)
at org.testng.internal.invokers.TestMethodWorker.run(TestMethodWorker.java:134)
at java.base/java.util.ArrayList.forEach(ArrayList.java:1596)
at org.testng.TestRunner.privateRun(TestRunner.java:741)
at org.testng.TestRunner.run(TestRunner.java:616)
at org.testng.SuiteRunner.runTest(SuiteRunner.java:421)
at org.testng.SuiteRunner.runSequentially(SuiteRunner.java:413)
at org.testng.SuiteRunner.privateRun(SuiteRunner.java:373)
at org.testng.SuiteRunner.run(SuiteRunner.java:312)
at org.testng.SuiteRunnerWorker.runSuite(SuiteRunnerWorker.java:52)
at org.testng.SuiteRunnerWorker.run(SuiteRunnerWorker.java:95)
at org.testng.TestNG.runSuitesSequentially(TestNG.java:1274)
at org.testng.TestNG.runSuitesLocally(TestNG.java:1208)
at org.testng.TestNG.runSuites(TestNG.java:1112)
at org.testng.TestNG.run(TestNG.java:1079)
at org.apache.maven.surefire.testng.TestNGExecutor.run(TestNGExecutor.java:308)
at org.apache.maven.surefire.testng.TestNGXmlTestSuite.execute(TestNGXmlTestSuite.java:71)
at org.apache.maven.surefire.testng.TestNGProvider.invoke(TestNGProvider.java:113)
at org.apache.maven.surefire.booter.ForkedBooter.runSuitesInProcess(ForkedBooter.java:385)
at org.apache.maven.surefire.booter.ForkedBooter.execute(ForkedBooter.java:162)
at org.apache.maven.surefire.booter.ForkedBooter.run(ForkedBooter.java:507)
at org.apache.maven.surefire.booter.ForkedBooter.main(ForkedBooter.java:495)
]]>
            </full-stacktrace>
          </exception> <!-- java.lang.AssertionError -->
          <reporter-output>
          </reporter-output>
        </test-method> <!-- loginTest -->
        <test-method is-config="true" signature="tearDown()[pri:0, instance:com.OrangeHRM.qa.testcases.LoginPageTest@15713d56]" started-at="2025-10-01T12:54:58 EDT" name="tearDown" finished-at="2025-10-01T12:54:59 EDT" duration-ms="154" status="PASS">
          <reporter-output>
          </reporter-output>
        </test-method> <!-- tearDown -->
      </class> <!-- com.OrangeHRM.qa.testcases.LoginPageTest -->
      <class name="com.OrangeHRM.qa.testcases.DashboardPageTest">
        <test-method is-config="true" signature="setUp()[pri:0, instance:com.OrangeHRM.qa.testcases.DashboardPageTest@4b23c30a]" started-at="2025-10-01T12:54:59 EDT" name="setUp" finished-at="2025-10-01T12:55:02 EDT" duration-ms="3942" status="PASS">
          <reporter-output>
          </reporter-output>
        </test-method> <!-- setUp -->
        <test-method signature="verifyDashboardPageTitleTest()[pri:1, instance:com.OrangeHRM.qa.testcases.DashboardPageTest@4b23c30a]" started-at="2025-10-01T12:55:02 EDT" name="verifyDashboardPageTitleTest" finished-at="2025-10-01T12:55:03 EDT" duration-ms="24" status="PASS">
          <reporter-output>
          </reporter-output>
        </test-method> <!-- verifyDashboardPageTitleTest -->
        <test-method is-config="true" signature="tearDown()[pri:0, instance:com.OrangeHRM.qa.testcases.DashboardPageTest@4b23c30a]" started-at="2025-10-01T12:55:03 EDT" name="tearDown" finished-at="2025-10-01T12:55:03 EDT" duration-ms="926" status="PASS">
          <reporter-output>
          </reporter-output>
        </test-method> <!-- tearDown -->
        <test-method is-config="true" signature="setUp()[pri:0, instance:com.OrangeHRM.qa.testcases.DashboardPageTest@4b23c30a]" started-at="2025-10-01T12:55:03 EDT" name="setUp" finished-at="2025-10-01T12:55:07 EDT" duration-ms="3725" status="PASS">
          <reporter-output>
          </reporter-output>
        </test-method> <!-- setUp -->
        <test-method signature="verifyDashboardLabelTest()[pri:2, instance:com.OrangeHRM.qa.testcases.DashboardPageTest@4b23c30a]" started-at="2025-10-01T12:55:07 EDT" name="verifyDashboardLabelTest" finished-at="2025-10-01T12:55:07 EDT" duration-ms="182" status="PASS">
          <reporter-output>
          </reporter-output>
        </test-method> <!-- verifyDashboardLabelTest -->
        <test-method is-config="true" signature="tearDown()[pri:0, instance:com.OrangeHRM.qa.testcases.DashboardPageTest@4b23c30a]" started-at="2025-10-01T12:55:07 EDT" name="tearDown" finished-at="2025-10-01T12:55:08 EDT" duration-ms="769" status="PASS">
          <reporter-output>
          </reporter-output>
        </test-method> <!-- tearDown -->
        <test-method is-config="true" signature="setUp()[pri:0, instance:com.OrangeHRM.qa.testcases.DashboardPageTest@4b23c30a]" started-at="2025-10-01T12:55:08 EDT" name="setUp" finished-at="2025-10-01T12:55:12 EDT" duration-ms="3734" status="PASS">
          <reporter-output>
          </reporter-output>
        </test-method> <!-- setUp -->
        <test-method signature="verifyAllMenuLinks()[pri:3, instance:com.OrangeHRM.qa.testcases.DashboardPageTest@4b23c30a]" started-at="2025-10-01T12:55:12 EDT" name="verifyAllMenuLinks" finished-at="2025-10-01T12:55:12 EDT" duration-ms="525" status="PASS">
          <reporter-output>
          </reporter-output>
        </test-method> <!-- verifyAllMenuLinks -->
        <test-method is-config="true" signature="tearDown()[pri:0, instance:com.OrangeHRM.qa.testcases.DashboardPageTest@4b23c30a]" started-at="2025-10-01T12:55:12 EDT" name="tearDown" finished-at="2025-10-01T12:55:13 EDT" duration-ms="642" status="PASS">
          <reporter-output>
          </reporter-output>
        </test-method> <!-- tearDown -->
        <test-method is-config="true" signature="setUp()[pri:0, instance:com.OrangeHRM.qa.testcases.DashboardPageTest@4b23c30a]" started-at="2025-10-01T12:55:13 EDT" name="setUp" finished-at="2025-10-01T12:55:17 EDT" duration-ms="3646" status="PASS">
          <reporter-output>
          </reporter-output>
        </test-method> <!-- setUp -->
        <test-method signature="verifyTimeAtWorkWidgetTest()[pri:4, instance:com.OrangeHRM.qa.testcases.DashboardPageTest@4b23c30a]" started-at="2025-10-01T12:55:17 EDT" name="verifyTimeAtWorkWidgetTest" finished-at="2025-10-01T12:55:17 EDT" duration-ms="197" status="PASS">
          <reporter-output>
          </reporter-output>
        </test-method> <!-- verifyTimeAtWorkWidgetTest -->
        <test-method is-config="true" signature="tearDown()[pri:0, instance:com.OrangeHRM.qa.testcases.DashboardPageTest@4b23c30a]" started-at="2025-10-01T12:55:17 EDT" name="tearDown" finished-at="2025-10-01T12:55:18 EDT" duration-ms="756" status="PASS">
          <reporter-output>
          </reporter-output>
        </test-method> <!-- tearDown -->
        <test-method is-config="true" signature="setUp()[pri:0, instance:com.OrangeHRM.qa.testcases.DashboardPageTest@4b23c30a]" started-at="2025-10-01T12:55:18 EDT" name="setUp" finished-at="2025-10-01T12:55:21 EDT" duration-ms="3797" status="PASS">
          <reporter-output>
          </reporter-output>
        </test-method> <!-- setUp -->
        <test-method signature="verifyMyActionsWidgetTest()[pri:5, instance:com.OrangeHRM.qa.testcases.DashboardPageTest@4b23c30a]" started-at="2025-10-01T12:55:21 EDT" name="verifyMyActionsWidgetTest" finished-at="2025-10-01T12:55:22 EDT" duration-ms="196" status="PASS">
          <reporter-output>
          </reporter-output>
        </test-method> <!-- verifyMyActionsWidgetTest -->
        <test-method is-config="true" signature="tearDown()[pri:0, instance:com.OrangeHRM.qa.testcases.DashboardPageTest@4b23c30a]" started-at="2025-10-01T12:55:22 EDT" name="tearDown" finished-at="2025-10-01T12:55:22 EDT" duration-ms="789" status="PASS">
          <reporter-output>
          </reporter-output>
        </test-method> <!-- tearDown -->
        <test-method is-config="true" signature="setUp()[pri:0, instance:com.OrangeHRM.qa.testcases.DashboardPageTest@4b23c30a]" started-at="2025-10-01T12:55:22 EDT" name="setUp" finished-at="2025-10-01T12:55:26 EDT" duration-ms="3733" status="PASS">
          <reporter-output>
          </reporter-output>
        </test-method> <!-- setUp -->
        <test-method signature="verifyQuickLaunchWidgetTest()[pri:6, instance:com.OrangeHRM.qa.testcases.DashboardPageTest@4b23c30a]" started-at="2025-10-01T12:55:26 EDT" name="verifyQuickLaunchWidgetTest" finished-at="2025-10-01T12:55:26 EDT" duration-ms="197" status="PASS">
          <reporter-output>
          </reporter-output>
        </test-method> <!-- verifyQuickLaunchWidgetTest -->
        <test-method is-config="true" signature="tearDown()[pri:0, instance:com.OrangeHRM.qa.testcases.DashboardPageTest@4b23c30a]" started-at="2025-10-01T12:55:26 EDT" name="tearDown" finished-at="2025-10-01T12:55:27 EDT" duration-ms="811" status="PASS">
          <reporter-output>
          </reporter-output>
        </test-method> <!-- tearDown -->
        <test-method is-config="true" signature="setUp()[pri:0, instance:com.OrangeHRM.qa.testcases.DashboardPageTest@4b23c30a]" started-at="2025-10-01T12:55:27 EDT" name="setUp" finished-at="2025-10-01T12:55:31 EDT" duration-ms="3691" status="PASS">
          <reporter-output>
          </reporter-output>
        </test-method> <!-- setUp -->
        <test-method signature="verifyBuzzLatestPostsWidgetTest()[pri:7, instance:com.OrangeHRM.qa.testcases.DashboardPageTest@4b23c30a]" started-at="2025-10-01T12:55:31 EDT" name="verifyBuzzLatestPostsWidgetTest" finished-at="2025-10-01T12:55:31 EDT" duration-ms="206" status="PASS">
          <reporter-output>
          </reporter-output>
        </test-method> <!-- verifyBuzzLatestPostsWidgetTest -->
        <test-method is-config="true" signature="tearDown()[pri:0, instance:com.OrangeHRM.qa.testcases.DashboardPageTest@4b23c30a]" started-at="2025-10-01T12:55:31 EDT" name="tearDown" finished-at="2025-10-01T12:55:32 EDT" duration-ms="781" status="PASS">
          <reporter-output>
          </reporter-output>
        </test-method> <!-- tearDown -->
        <test-method is-config="true" signature="setUp()[pri:0, instance:com.OrangeHRM.qa.testcases.DashboardPageTest@4b23c30a]" started-at="2025-10-01T12:55:32 EDT" name="setUp" finished-at="2025-10-01T12:55:35 EDT" duration-ms="3002" status="PASS">
          <reporter-output>
          </reporter-output>
        </test-method> <!-- setUp -->
        <test-method signature="verifyEmployeesOnLeaveTodayWidgetTest()[pri:8, instance:com.OrangeHRM.qa.testcases.DashboardPageTest@4b23c30a]" started-at="2025-10-01T12:55:35 EDT" name="verifyEmployeesOnLeaveTodayWidgetTest" finished-at="2025-10-01T12:55:36 EDT" duration-ms="934" status="PASS">
          <reporter-output>
          </reporter-output>
        </test-method> <!-- verifyEmployeesOnLeaveTodayWidgetTest -->
        <test-method is-config="true" signature="tearDown()[pri:0, instance:com.OrangeHRM.qa.testcases.DashboardPageTest@4b23c30a]" started-at="2025-10-01T12:55:36 EDT" name="tearDown" finished-at="2025-10-01T12:55:37 EDT" duration-ms="754" status="PASS">
          <reporter-output>
          </reporter-output>
        </test-method> <!-- tearDown -->
        <test-method is-config="true" signature="setUp()[pri:0, instance:com.OrangeHRM.qa.testcases.DashboardPageTest@4b23c30a]" started-at="2025-10-01T12:55:37 EDT" name="setUp" finished-at="2025-10-01T12:55:40 EDT" duration-ms="3687" status="PASS">
          <reporter-output>
          </reporter-output>
        </test-method> <!-- setUp -->
        <test-method signature="verifyEmployeeDistributionWidgetTest()[pri:9, instance:com.OrangeHRM.qa.testcases.DashboardPageTest@4b23c30a]" started-at="2025-10-01T12:55:40 EDT" name="verifyEmployeeDistributionWidgetTest" finished-at="2025-10-01T12:55:40 EDT" duration-ms="193" status="PASS">
          <reporter-output>
          </reporter-output>
        </test-method> <!-- verifyEmployeeDistributionWidgetTest -->
        <test-method is-config="true" signature="tearDown()[pri:0, instance:com.OrangeHRM.qa.testcases.DashboardPageTest@4b23c30a]" started-at="2025-10-01T12:55:40 EDT" name="tearDown" finished-at="2025-10-01T12:55:41 EDT" duration-ms="737" status="PASS">
          <reporter-output>
          </reporter-output>
        </test-method> <!-- tearDown -->
        <test-method is-config="true" signature="setUp()[pri:0, instance:com.OrangeHRM.qa.testcases.DashboardPageTest@4b23c30a]" started-at="2025-10-01T12:55:41 EDT" name="setUp" finished-at="2025-10-01T12:55:45 EDT" duration-ms="3609" status="PASS">
          <reporter-output>
          </reporter-output>
        </test-method> <!-- setUp -->
        <test-method signature="verifyQuickLaunchPanelTest()[pri:10, instance:com.OrangeHRM.qa.testcases.DashboardPageTest@4b23c30a]" started-at="2025-10-01T12:55:45 EDT" name="verifyQuickLaunchPanelTest" finished-at="2025-10-01T12:55:45 EDT" duration-ms="212" status="PASS">
          <reporter-output>
          </reporter-output>
        </test-method> <!-- verifyQuickLaunchPanelTest -->
        <test-method is-config="true" signature="tearDown()[pri:0, instance:com.OrangeHRM.qa.testcases.DashboardPageTest@4b23c30a]" started-at="2025-10-01T12:55:45 EDT" name="tearDown" finished-at="2025-10-01T12:55:46 EDT" duration-ms="792" status="PASS">
          <reporter-output>
          </reporter-output>
        </test-method> <!-- tearDown -->
      </class> <!-- com.OrangeHRM.qa.testcases.DashboardPageTest -->
      <class name="com.OrangeHRM.qa.testcases.AdminPageTest">
        <test-method is-config="true" signature="setUp()[pri:0, instance:com.OrangeHRM.qa.testcases.AdminPageTest@38089a5a]" started-at="2025-10-01T12:55:46 EDT" name="setUp" finished-at="2025-10-01T12:55:50 EDT" duration-ms="3926" status="PASS">
          <reporter-output>
          </reporter-output>
        </test-method> <!-- setUp -->
        <test-method signature="verifyAdminPageTitleTest()[pri:1, instance:com.OrangeHRM.qa.testcases.AdminPageTest@38089a5a]" started-at="2025-10-01T12:55:50 EDT" name="verifyAdminPageTitleTest" finished-at="2025-10-01T12:55:50 EDT" duration-ms="706" status="PASS">
          <reporter-output>
          </reporter-output>
        </test-method> <!-- verifyAdminPageTitleTest -->
        <test-method is-config="true" signature="tearDown()[pri:0, instance:com.OrangeHRM.qa.testcases.AdminPageTest@38089a5a]" started-at="2025-10-01T12:55:50 EDT" name="tearDown" finished-at="2025-10-01T12:55:51 EDT" duration-ms="844" status="PASS">
          <reporter-output>
          </reporter-output>
        </test-method> <!-- tearDown -->
        <test-method is-config="true" signature="setUp()[pri:0, instance:com.OrangeHRM.qa.testcases.AdminPageTest@38089a5a]" started-at="2025-10-01T12:55:51 EDT" name="setUp" finished-at="2025-10-01T12:55:55 EDT" duration-ms="3759" status="PASS">
          <reporter-output>
          </reporter-output>
        </test-method> <!-- setUp -->
        <test-method signature="verifyAdminPageLabelTest()[pri:2, instance:com.OrangeHRM.qa.testcases.AdminPageTest@38089a5a]" started-at="2025-10-01T12:55:55 EDT" name="verifyAdminPageLabelTest" finished-at="2025-10-01T12:55:56 EDT" duration-ms="872" status="PASS">
          <reporter-output>
          </reporter-output>
        </test-method> <!-- verifyAdminPageLabelTest -->
        <test-method is-config="true" signature="tearDown()[pri:0, instance:com.OrangeHRM.qa.testcases.AdminPageTest@38089a5a]" started-at="2025-10-01T12:55:56 EDT" name="tearDown" finished-at="2025-10-01T12:55:57 EDT" duration-ms="692" status="PASS">
          <reporter-output>
          </reporter-output>
        </test-method> <!-- tearDown -->
        <test-method is-config="true" signature="setUp()[pri:0, instance:com.OrangeHRM.qa.testcases.AdminPageTest@38089a5a]" started-at="2025-10-01T12:55:57 EDT" name="setUp" finished-at="2025-10-01T12:56:00 EDT" duration-ms="3756" status="PASS">
          <reporter-output>
          </reporter-output>
        </test-method> <!-- setUp -->
        <test-method signature="verifyUserManagementMenuTest()[pri:3, instance:com.OrangeHRM.qa.testcases.AdminPageTest@38089a5a]" started-at="2025-10-01T12:56:00 EDT" name="verifyUserManagementMenuTest" finished-at="2025-10-01T12:56:02 EDT" duration-ms="1204" status="PASS">
          <reporter-output>
          </reporter-output>
        </test-method> <!-- verifyUserManagementMenuTest -->
        <test-method is-config="true" signature="tearDown()[pri:0, instance:com.OrangeHRM.qa.testcases.AdminPageTest@38089a5a]" started-at="2025-10-01T12:56:02 EDT" name="tearDown" finished-at="2025-10-01T12:56:02 EDT" duration-ms="918" status="PASS">
          <reporter-output>
          </reporter-output>
        </test-method> <!-- tearDown -->
        <test-method is-config="true" signature="setUp()[pri:0, instance:com.OrangeHRM.qa.testcases.AdminPageTest@38089a5a]" started-at="2025-10-01T12:56:02 EDT" name="setUp" finished-at="2025-10-01T12:56:06 EDT" duration-ms="3946" status="PASS">
          <reporter-output>
          </reporter-output>
        </test-method> <!-- setUp -->
        <test-method signature="verifyJobMenuTest()[pri:4, instance:com.OrangeHRM.qa.testcases.AdminPageTest@38089a5a]" started-at="2025-10-01T12:56:06 EDT" name="verifyJobMenuTest" finished-at="2025-10-01T12:56:10 EDT" duration-ms="3617" status="PASS">
          <reporter-output>
          </reporter-output>
        </test-method> <!-- verifyJobMenuTest -->
        <test-method is-config="true" signature="tearDown()[pri:0, instance:com.OrangeHRM.qa.testcases.AdminPageTest@38089a5a]" started-at="2025-10-01T12:56:10 EDT" name="tearDown" finished-at="2025-10-01T12:56:11 EDT" duration-ms="762" status="PASS">
          <reporter-output>
          </reporter-output>
        </test-method> <!-- tearDown -->
      </class> <!-- com.OrangeHRM.qa.testcases.AdminPageTest -->
      <class name="com.OrangeHRM.qa.testcases.PIMPageTest">
        <test-method is-config="true" signature="setUp()[pri:0, instance:com.OrangeHRM.qa.testcases.PIMPageTest@30e868be]" started-at="2025-10-01T12:56:11 EDT" name="setUp" finished-at="2025-10-01T12:56:14 EDT" duration-ms="3677" status="PASS">
          <reporter-output>
          </reporter-output>
        </test-method> <!-- setUp -->
        <test-method signature="verifyPIMPageTitleTest()[pri:1, instance:com.OrangeHRM.qa.testcases.PIMPageTest@30e868be]" started-at="2025-10-01T12:56:14 EDT" name="verifyPIMPageTitleTest" finished-at="2025-10-01T12:56:15 EDT" duration-ms="626" status="PASS">
          <reporter-output>
          </reporter-output>
        </test-method> <!-- verifyPIMPageTitleTest -->
        <test-method is-config="true" signature="tearDown()[pri:0, instance:com.OrangeHRM.qa.testcases.PIMPageTest@30e868be]" started-at="2025-10-01T12:56:15 EDT" name="tearDown" finished-at="2025-10-01T12:56:16 EDT" duration-ms="763" status="PASS">
          <reporter-output>
          </reporter-output>
        </test-method> <!-- tearDown -->
        <test-method is-config="true" signature="setUp()[pri:0, instance:com.OrangeHRM.qa.testcases.PIMPageTest@30e868be]" started-at="2025-10-01T12:56:16 EDT" name="setUp" finished-at="2025-10-01T12:56:19 EDT" duration-ms="2726" status="PASS">
          <reporter-output>
          </reporter-output>
        </test-method> <!-- setUp -->
        <test-method signature="verifyPIMLabelTest()[pri:2, instance:com.OrangeHRM.qa.testcases.PIMPageTest@30e868be]" started-at="2025-10-01T12:56:19 EDT" name="verifyPIMLabelTest" finished-at="2025-10-01T12:56:20 EDT" duration-ms="1621" status="PASS">
          <reporter-output>
          </reporter-output>
        </test-method> <!-- verifyPIMLabelTest -->
        <test-method is-config="true" signature="tearDown()[pri:0, instance:com.OrangeHRM.qa.testcases.PIMPageTest@30e868be]" started-at="2025-10-01T12:56:20 EDT" name="tearDown" finished-at="2025-10-01T12:56:21 EDT" duration-ms="597" status="PASS">
          <reporter-output>
          </reporter-output>
        </test-method> <!-- tearDown -->
        <test-method is-config="true" signature="setUp()[pri:0, instance:com.OrangeHRM.qa.testcases.PIMPageTest@30e868be]" started-at="2025-10-01T12:56:21 EDT" name="setUp" finished-at="2025-10-01T12:56:25 EDT" duration-ms="3698" status="PASS">
          <reporter-output>
          </reporter-output>
        </test-method> <!-- setUp -->
        <test-method signature="verifyConfigurationDropdownLinksTest()[pri:3, instance:com.OrangeHRM.qa.testcases.PIMPageTest@30e868be]" started-at="2025-10-01T12:56:25 EDT" name="verifyConfigurationDropdownLinksTest" finished-at="2025-10-01T12:56:28 EDT" duration-ms="3068" status="PASS">
          <reporter-output>
          </reporter-output>
        </test-method> <!-- verifyConfigurationDropdownLinksTest -->
        <test-method is-config="true" signature="tearDown()[pri:0, instance:com.OrangeHRM.qa.testcases.PIMPageTest@30e868be]" started-at="2025-10-01T12:56:28 EDT" name="tearDown" finished-at="2025-10-01T12:56:28 EDT" duration-ms="798" status="PASS">
          <reporter-output>
          </reporter-output>
        </test-method> <!-- tearDown -->
      </class> <!-- com.OrangeHRM.qa.testcases.PIMPageTest -->
    </test> <!-- Login Tests -->
  </suite> <!-- OrangeHRM Test Suite -->
</testng-results>
