<?xml version="1.0" encoding="UTF-8"?>
<testng-results ignored="0" total="3" passed="3" failed="0" skipped="0">
  <reporter-output>
  </reporter-output>
  <suite started-at="2025-09-24T20:16:39 EDT" name="Default suite" finished-at="2025-09-24T20:16:58 EDT" duration-ms="18892">
    <groups>
    </groups>
    <test started-at="2025-09-24T20:16:39 EDT" name="Default test" finished-at="2025-09-24T20:16:58 EDT" duration-ms="18892">
      <class name="com.OrangeHRM.qa.testcases.PIMPageTest">
        <test-method is-config="true" signature="setUp()[pri:0, instance:com.OrangeHRM.qa.testcases.PIMPageTest@353352b6]" started-at="2025-09-24T20:16:39 EDT" name="setUp" finished-at="2025-09-24T20:16:44 EDT" duration-ms="4967" status="PASS">
          <reporter-output>
          </reporter-output>
        </test-method> <!-- setUp -->
        <test-method signature="verifyPIMPageTitleTest()[pri:1, instance:com.OrangeHRM.qa.testcases.PIMPageTest@353352b6]" started-at="2025-09-24T20:16:44 EDT" name="verifyPIMPageTitleTest" finished-at="2025-09-24T20:16:44 EDT" duration-ms="711" status="PASS">
          <reporter-output>
          </reporter-output>
        </test-method> <!-- verifyPIMPageTitleTest -->
        <test-method is-config="true" signature="tearDown()[pri:0, instance:com.OrangeHRM.qa.testcases.PIMPageTest@353352b6]" started-at="2025-09-24T20:16:44 EDT" name="tearDown" finished-at="2025-09-24T20:16:45 EDT" duration-ms="758" status="PASS">
          <reporter-output>
          </reporter-output>
        </test-method> <!-- tearDown -->
        <test-method is-config="true" signature="setUp()[pri:0, instance:com.OrangeHRM.qa.testcases.PIMPageTest@353352b6]" started-at="2025-09-24T20:16:45 EDT" name="setUp" finished-at="2025-09-24T20:16:49 EDT" duration-ms="3599" status="PASS">
          <reporter-output>
          </reporter-output>
        </test-method> <!-- setUp -->
        <test-method signature="verifyPIMLabelTest()[pri:2, instance:com.OrangeHRM.qa.testcases.PIMPageTest@353352b6]" started-at="2025-09-24T20:16:49 EDT" name="verifyPIMLabelTest" finished-at="2025-09-24T20:16:50 EDT" duration-ms="847" status="PASS">
          <reporter-output>
          </reporter-output>
        </test-method> <!-- verifyPIMLabelTest -->
        <test-method is-config="true" signature="tearDown()[pri:0, instance:com.OrangeHRM.qa.testcases.PIMPageTest@353352b6]" started-at="2025-09-24T20:16:50 EDT" name="tearDown" finished-at="2025-09-24T20:16:50 EDT" duration-ms="581" status="PASS">
          <reporter-output>
          </reporter-output>
        </test-method> <!-- tearDown -->
        <test-method is-config="true" signature="setUp()[pri:0, instance:com.OrangeHRM.qa.testcases.PIMPageTest@353352b6]" started-at="2025-09-24T20:16:50 EDT" name="setUp" finished-at="2025-09-24T20:16:54 EDT" duration-ms="3486" status="PASS">
          <reporter-output>
          </reporter-output>
        </test-method> <!-- setUp -->
        <test-method signature="verifyConfigurationDropdownLinksTest()[pri:3, instance:com.OrangeHRM.qa.testcases.PIMPageTest@353352b6]" started-at="2025-09-24T20:16:54 EDT" name="verifyConfigurationDropdownLinksTest" finished-at="2025-09-24T20:16:57 EDT" duration-ms="3082" status="PASS">
          <reporter-output>
          </reporter-output>
        </test-method> <!-- verifyConfigurationDropdownLinksTest -->
        <test-method is-config="true" signature="tearDown()[pri:0, instance:com.OrangeHRM.qa.testcases.PIMPageTest@353352b6]" started-at="2025-09-24T20:16:57 EDT" name="tearDown" finished-at="2025-09-24T20:16:58 EDT" duration-ms="811" status="PASS">
          <reporter-output>
          </reporter-output>
        </test-method> <!-- tearDown -->
      </class> <!-- com.OrangeHRM.qa.testcases.PIMPageTest -->
    </test> <!-- Default test -->
  </suite> <!-- Default suite -->
</testng-results>
